Added Component: Designator=C3_CO2(CAPC2013X70N)
Add component. Clean all parameters for all variants
Add component (AddParameter): Name = "Datasheet Link"; Value = "http://componentsearchengine.com/Datasheets/1/CC0805ZRY5V9BB104.pdf"; VariantName = "[No Variations]"
Add component (AddParameter): Name = "Manufacturer_Name"; Value = "YAGEO (PHYCOMP)"; VariantName = "[No Variations]"
Add component (AddParameter): Name = "Manufacturer_Part_Number"; Value = "CC0805ZRY5V9BB104"; VariantName = "[No Variations]"
Add component (AddParameter): Name = "Mouser Part Number"; Value = "603-CC805ZRY5V9BB104"; VariantName = "[No Variations]"
Add component (AddParameter): Name = "Mouser Price/Stock"; Value = "https://www.mouser.com/Search/Refine.aspx?Keyword=603-CC805ZRY5V9BB104"; VariantName = "[No Variations]"
Add component (AddParameter): Name = "RS Part Number"; Value = ""; VariantName = "[No Variations]"
Add component (AddParameter): Name = "RS Price/Stock"; Value = ""; VariantName = "[No Variations]"
Added Component: Designator=C4_CO2(CAPC2013X70N)
Add component. Clean all parameters for all variants
Add component (AddParameter): Name = "Datasheet Link"; Value = "http://componentsearchengine.com/Datasheets/1/CC0805ZRY5V9BB104.pdf"; VariantName = "[No Variations]"
Add component (AddParameter): Name = "Manufacturer_Name"; Value = "YAGEO (PHYCOMP)"; VariantName = "[No Variations]"
Add component (AddParameter): Name = "Manufacturer_Part_Number"; Value = "CC0805ZRY5V9BB104"; VariantName = "[No Variations]"
Add component (AddParameter): Name = "Mouser Part Number"; Value = "603-CC805ZRY5V9BB104"; VariantName = "[No Variations]"
Add component (AddParameter): Name = "Mouser Price/Stock"; Value = "https://www.mouser.com/Search/Refine.aspx?Keyword=603-CC805ZRY5V9BB104"; VariantName = "[No Variations]"
Add component (AddParameter): Name = "RS Part Number"; Value = ""; VariantName = "[No Variations]"
Add component (AddParameter): Name = "RS Price/Stock"; Value = ""; VariantName = "[No Variations]"
Added Component: Designator=C5_CO2(CAPC2013X70N)
Add component. Clean all parameters for all variants
Add component (AddParameter): Name = "Datasheet Link"; Value = "http://componentsearchengine.com/Datasheets/1/CC0805ZRY5V9BB104.pdf"; VariantName = "[No Variations]"
Add component (AddParameter): Name = "Manufacturer_Name"; Value = "YAGEO (PHYCOMP)"; VariantName = "[No Variations]"
Add component (AddParameter): Name = "Manufacturer_Part_Number"; Value = "CC0805ZRY5V9BB104"; VariantName = "[No Variations]"
Add component (AddParameter): Name = "Mouser Part Number"; Value = "603-CC805ZRY5V9BB104"; VariantName = "[No Variations]"
Add component (AddParameter): Name = "Mouser Price/Stock"; Value = "https://www.mouser.com/Search/Refine.aspx?Keyword=603-CC805ZRY5V9BB104"; VariantName = "[No Variations]"
Add component (AddParameter): Name = "RS Part Number"; Value = ""; VariantName = "[No Variations]"
Add component (AddParameter): Name = "RS Price/Stock"; Value = ""; VariantName = "[No Variations]"
Added Component: Designator=C6_CO2(CAPC2013X70N)
Add component. Clean all parameters for all variants
Add component (AddParameter): Name = "Datasheet Link"; Value = "http://componentsearchengine.com/Datasheets/1/CC0805ZRY5V9BB104.pdf"; VariantName = "[No Variations]"
Add component (AddParameter): Name = "Manufacturer_Name"; Value = "YAGEO (PHYCOMP)"; VariantName = "[No Variations]"
Add component (AddParameter): Name = "Manufacturer_Part_Number"; Value = "CC0805ZRY5V9BB104"; VariantName = "[No Variations]"
Add component (AddParameter): Name = "Mouser Part Number"; Value = "603-CC805ZRY5V9BB104"; VariantName = "[No Variations]"
Add component (AddParameter): Name = "Mouser Price/Stock"; Value = "https://www.mouser.com/Search/Refine.aspx?Keyword=603-CC805ZRY5V9BB104"; VariantName = "[No Variations]"
Add component (AddParameter): Name = "RS Part Number"; Value = ""; VariantName = "[No Variations]"
Add component (AddParameter): Name = "RS Price/Stock"; Value = ""; VariantName = "[No Variations]"
Added Component: Designator=IC1_CO2(SOP65P640X110-24N)
Add component. Clean all parameters for all variants
Add component (AddParameter): Name = "Datasheet Link"; Value = "https://componentsearchengine.com/Datasheets/1/MAX9602EUG+.pdf"; VariantName = "[No Variations]"
Add component (AddParameter): Name = "Height"; Value = "1.1mm"; VariantName = "[No Variations]"
Add component (AddParameter): Name = "Manufacturer_Name"; Value = "Maxim Integrated"; VariantName = "[No Variations]"
Add component (AddParameter): Name = "Manufacturer_Part_Number"; Value = "MAX9602EUG+"; VariantName = "[No Variations]"
Add component (AddParameter): Name = "Mouser Part Number"; Value = "700-MAX9602EUG"; VariantName = "[No Variations]"
Add component (AddParameter): Name = "Mouser Price/Stock"; Value = "https://www.mouser.com/Search/Refine.aspx?Keyword=700-MAX9602EUG"; VariantName = "[No Variations]"
Add component (AddParameter): Name = "RS Part Number"; Value = ""; VariantName = "[No Variations]"
Add component (AddParameter): Name = "RS Price/Stock"; Value = ""; VariantName = "[No Variations]"
Added Component: Designator=IC2_CO2(SOIC127P780X200-14N)
Add component. Clean all parameters for all variants
Add component (AddParameter): Name = "Datasheet Link"; Value = "https://www.ti.com/lit/ds/symlink/opa4202.pdf"; VariantName = "[No Variations]"
Add component (AddParameter): Name = "Height"; Value = "2mm"; VariantName = "[No Variations]"
Add component (AddParameter): Name = "Manufacturer_Name"; Value = "Texas Instruments"; VariantName = "[No Variations]"
Add component (AddParameter): Name = "Manufacturer_Part_Number"; Value = "OPA4202IDR"; VariantName = "[No Variations]"
Add component (AddParameter): Name = "Mouser Part Number"; Value = ""; VariantName = "[No Variations]"
Add component (AddParameter): Name = "Mouser Price/Stock"; Value = ""; VariantName = "[No Variations]"
Add component (AddParameter): Name = "RS Part Number"; Value = ""; VariantName = "[No Variations]"
Add component (AddParameter): Name = "RS Price/Stock"; Value = ""; VariantName = "[No Variations]"
Added Component: Designator=IC3_CO2(SOIC127P600X175-16N)
Add component. Clean all parameters for all variants
Add component (AddParameter): Name = "Datasheet Link"; Value = "http://www.ti.com/lit/ds/symlink/cd4043b.pdf"; VariantName = "[No Variations]"
Add component (AddParameter): Name = "Height"; Value = "1.75mm"; VariantName = "[No Variations]"
Add component (AddParameter): Name = "Manufacturer_Name"; Value = "Texas Instruments"; VariantName = "[No Variations]"
Add component (AddParameter): Name = "Manufacturer_Part_Number"; Value = "CD4043BDR"; VariantName = "[No Variations]"
Add component (AddParameter): Name = "Mouser Part Number"; Value = "595-CD4043BDR"; VariantName = "[No Variations]"
Add component (AddParameter): Name = "Mouser Price/Stock"; Value = "https://www.mouser.com/Search/Refine.aspx?Keyword=595-CD4043BDR"; VariantName = "[No Variations]"
Add component (AddParameter): Name = "RS Part Number"; Value = ""; VariantName = "[No Variations]"
Add component (AddParameter): Name = "RS Price/Stock"; Value = ""; VariantName = "[No Variations]"
Added Component: Designator=R1_CO2(RESC2012X60N)
Add component. Clean all parameters for all variants
Add component (AddParameter): Name = "Datasheet Link"; Value = "http://www.yageo.com/documents/recent/PYu-RC_Group_51_RoHS_L_10.pdf"; VariantName = "[No Variations]"
Add component (AddParameter): Name = "Height"; Value = "0.6mm"; VariantName = "[No Variations]"
Add component (AddParameter): Name = "Manufacturer_Name"; Value = "YAGEO (PHYCOMP)"; VariantName = "[No Variations]"
Add component (AddParameter): Name = "Manufacturer_Part_Number"; Value = "RC0805JR-071KL"; VariantName = "[No Variations]"
Add component (AddParameter): Name = "Mouser Part Number"; Value = "603-RC0805JR-071KL"; VariantName = "[No Variations]"
Add component (AddParameter): Name = "Mouser Price/Stock"; Value = "https://www.mouser.com/Search/Refine.aspx?Keyword=603-RC0805JR-071KL"; VariantName = "[No Variations]"
Add component (AddParameter): Name = "RS Part Number"; Value = ""; VariantName = "[No Variations]"
Add component (AddParameter): Name = "RS Price/Stock"; Value = ""; VariantName = "[No Variations]"
Added Component: Designator=R2_CO2(RESC2012X60N)
Add component. Clean all parameters for all variants
Add component (AddParameter): Name = "Datasheet Link"; Value = "http://www.yageo.com/documents/recent/PYu-RT_1-to-0.01_RoHS_L_9.pdf"; VariantName = "[No Variations]"
Add component (AddParameter): Name = "Height"; Value = "0.6mm"; VariantName = "[No Variations]"
Add component (AddParameter): Name = "Manufacturer_Name"; Value = "YAGEO (PHYCOMP)"; VariantName = "[No Variations]"
Add component (AddParameter): Name = "Manufacturer_Part_Number"; Value = "RT0805BRD0724K9L"; VariantName = "[No Variations]"
Add component (AddParameter): Name = "Mouser Part Number"; Value = ""; VariantName = "[No Variations]"
Add component (AddParameter): Name = "Mouser Price/Stock"; Value = ""; VariantName = "[No Variations]"
Add component (AddParameter): Name = "RS Part Number"; Value = ""; VariantName = "[No Variations]"
Add component (AddParameter): Name = "RS Price/Stock"; Value = ""; VariantName = "[No Variations]"
Added Component: Designator=R3_CO2(RESC2012X60N)
Add component. Clean all parameters for all variants
Add component (AddParameter): Name = "Datasheet Link"; Value = "http://www.yageo.com/documents/recent/PYu-RC_Group_51_RoHS_L_10.pdf"; VariantName = "[No Variations]"
Add component (AddParameter): Name = "Height"; Value = "0.6mm"; VariantName = "[No Variations]"
Add component (AddParameter): Name = "Manufacturer_Name"; Value = "YAGEO (PHYCOMP)"; VariantName = "[No Variations]"
Add component (AddParameter): Name = "Manufacturer_Part_Number"; Value = "RC0805JR-071KL"; VariantName = "[No Variations]"
Add component (AddParameter): Name = "Mouser Part Number"; Value = "603-RC0805JR-071KL"; VariantName = "[No Variations]"
Add component (AddParameter): Name = "Mouser Price/Stock"; Value = "https://www.mouser.com/Search/Refine.aspx?Keyword=603-RC0805JR-071KL"; VariantName = "[No Variations]"
Add component (AddParameter): Name = "RS Part Number"; Value = ""; VariantName = "[No Variations]"
Add component (AddParameter): Name = "RS Price/Stock"; Value = ""; VariantName = "[No Variations]"
Added Component: Designator=R4_CO2(RESC2012X60N)
Add component. Clean all parameters for all variants
Add component (AddParameter): Name = "Datasheet Link"; Value = "http://www.yageo.com/documents/recent/PYu-RT_1-to-0.01_RoHS_L_9.pdf"; VariantName = "[No Variations]"
Add component (AddParameter): Name = "Height"; Value = "0.6mm"; VariantName = "[No Variations]"
Add component (AddParameter): Name = "Manufacturer_Name"; Value = "YAGEO (PHYCOMP)"; VariantName = "[No Variations]"
Add component (AddParameter): Name = "Manufacturer_Part_Number"; Value = "RT0805BRD0724K9L"; VariantName = "[No Variations]"
Add component (AddParameter): Name = "Mouser Part Number"; Value = ""; VariantName = "[No Variations]"
Add component (AddParameter): Name = "Mouser Price/Stock"; Value = ""; VariantName = "[No Variations]"
Add component (AddParameter): Name = "RS Part Number"; Value = ""; VariantName = "[No Variations]"
Add component (AddParameter): Name = "RS Price/Stock"; Value = ""; VariantName = "[No Variations]"
Added Component: Designator=R5_CO2(RESC2012X60N)
Add component. Clean all parameters for all variants
Add component (AddParameter): Name = "Datasheet Link"; Value = "http://www.yageo.com/documents/recent/PYu-RC_Group_51_RoHS_L_10.pdf"; VariantName = "[No Variations]"
Add component (AddParameter): Name = "Height"; Value = "0.6mm"; VariantName = "[No Variations]"
Add component (AddParameter): Name = "Manufacturer_Name"; Value = "YAGEO (PHYCOMP)"; VariantName = "[No Variations]"
Add component (AddParameter): Name = "Manufacturer_Part_Number"; Value = "RC0805JR-071KL"; VariantName = "[No Variations]"
Add component (AddParameter): Name = "Mouser Part Number"; Value = "603-RC0805JR-071KL"; VariantName = "[No Variations]"
Add component (AddParameter): Name = "Mouser Price/Stock"; Value = "https://www.mouser.com/Search/Refine.aspx?Keyword=603-RC0805JR-071KL"; VariantName = "[No Variations]"
Add component (AddParameter): Name = "RS Part Number"; Value = ""; VariantName = "[No Variations]"
Add component (AddParameter): Name = "RS Price/Stock"; Value = ""; VariantName = "[No Variations]"
Added Component: Designator=R6_CO2(RESC2012X60N)
Add component. Clean all parameters for all variants
Add component (AddParameter): Name = "Datasheet Link"; Value = "http://www.yageo.com/documents/recent/PYu-RT_1-to-0.01_RoHS_L_9.pdf"; VariantName = "[No Variations]"
Add component (AddParameter): Name = "Height"; Value = "0.6mm"; VariantName = "[No Variations]"
Add component (AddParameter): Name = "Manufacturer_Name"; Value = "YAGEO (PHYCOMP)"; VariantName = "[No Variations]"
Add component (AddParameter): Name = "Manufacturer_Part_Number"; Value = "RT0805BRD0724K9L"; VariantName = "[No Variations]"
Add component (AddParameter): Name = "Mouser Part Number"; Value = ""; VariantName = "[No Variations]"
Add component (AddParameter): Name = "Mouser Price/Stock"; Value = ""; VariantName = "[No Variations]"
Add component (AddParameter): Name = "RS Part Number"; Value = ""; VariantName = "[No Variations]"
Add component (AddParameter): Name = "RS Price/Stock"; Value = ""; VariantName = "[No Variations]"
Added Component: Designator=R7_CO2(RESC2012X60N)
Add component. Clean all parameters for all variants
Add component (AddParameter): Name = "Datasheet Link"; Value = "http://www.yageo.com/documents/recent/PYu-RC_Group_51_RoHS_L_10.pdf"; VariantName = "[No Variations]"
Add component (AddParameter): Name = "Height"; Value = "0.6mm"; VariantName = "[No Variations]"
Add component (AddParameter): Name = "Manufacturer_Name"; Value = "YAGEO (PHYCOMP)"; VariantName = "[No Variations]"
Add component (AddParameter): Name = "Manufacturer_Part_Number"; Value = "RC0805JR-071KL"; VariantName = "[No Variations]"
Add component (AddParameter): Name = "Mouser Part Number"; Value = "603-RC0805JR-071KL"; VariantName = "[No Variations]"
Add component (AddParameter): Name = "Mouser Price/Stock"; Value = "https://www.mouser.com/Search/Refine.aspx?Keyword=603-RC0805JR-071KL"; VariantName = "[No Variations]"
Add component (AddParameter): Name = "RS Part Number"; Value = ""; VariantName = "[No Variations]"
Add component (AddParameter): Name = "RS Price/Stock"; Value = ""; VariantName = "[No Variations]"
Added Component: Designator=R8_CO2(RESC2012X60N)
Add component. Clean all parameters for all variants
Add component (AddParameter): Name = "Datasheet Link"; Value = "http://www.yageo.com/documents/recent/PYu-RT_1-to-0.01_RoHS_L_9.pdf"; VariantName = "[No Variations]"
Add component (AddParameter): Name = "Height"; Value = "0.6mm"; VariantName = "[No Variations]"
Add component (AddParameter): Name = "Manufacturer_Name"; Value = "YAGEO (PHYCOMP)"; VariantName = "[No Variations]"
Add component (AddParameter): Name = "Manufacturer_Part_Number"; Value = "RT0805BRD0724K9L"; VariantName = "[No Variations]"
Add component (AddParameter): Name = "Mouser Part Number"; Value = ""; VariantName = "[No Variations]"
Add component (AddParameter): Name = "Mouser Price/Stock"; Value = ""; VariantName = "[No Variations]"
Add component (AddParameter): Name = "RS Part Number"; Value = ""; VariantName = "[No Variations]"
Add component (AddParameter): Name = "RS Price/Stock"; Value = ""; VariantName = "[No Variations]"
Added Component: Designator=R9_CO2(RESC2012X60N)
Add component. Clean all parameters for all variants
Add component (AddParameter): Name = "Datasheet Link"; Value = "http://www.yageo.com/documents/recent/PYu-RC_Group_51_RoHS_L_10.pdf"; VariantName = "[No Variations]"
Add component (AddParameter): Name = "Height"; Value = "0.6mm"; VariantName = "[No Variations]"
Add component (AddParameter): Name = "Manufacturer_Name"; Value = "YAGEO (PHYCOMP)"; VariantName = "[No Variations]"
Add component (AddParameter): Name = "Manufacturer_Part_Number"; Value = "RC0805FR-074K7L"; VariantName = "[No Variations]"
Add component (AddParameter): Name = "Mouser Part Number"; Value = "603-RC0805FR-074K7L"; VariantName = "[No Variations]"
Add component (AddParameter): Name = "Mouser Price/Stock"; Value = "https://www.mouser.com/Search/Refine.aspx?Keyword=603-RC0805FR-074K7L"; VariantName = "[No Variations]"
Add component (AddParameter): Name = "RS Part Number"; Value = "6181408"; VariantName = "[No Variations]"
Add component (AddParameter): Name = "RS Price/Stock"; Value = "http://uk.rs-online.com/web/p/products/6181408"; VariantName = "[No Variations]"
Added Component: Designator=R10_CO2(RESC2012X60N)
Add component. Clean all parameters for all variants
Add component (AddParameter): Name = "Datasheet Link"; Value = "http://www.yageo.com/documents/recent/PYu-RC_Group_51_RoHS_L_10.pdf"; VariantName = "[No Variations]"
Add component (AddParameter): Name = "Height"; Value = "0.6mm"; VariantName = "[No Variations]"
Add component (AddParameter): Name = "Manufacturer_Name"; Value = "YAGEO (PHYCOMP)"; VariantName = "[No Variations]"
Add component (AddParameter): Name = "Manufacturer_Part_Number"; Value = "RC0805FR-074K7L"; VariantName = "[No Variations]"
Add component (AddParameter): Name = "Mouser Part Number"; Value = "603-RC0805FR-074K7L"; VariantName = "[No Variations]"
Add component (AddParameter): Name = "Mouser Price/Stock"; Value = "https://www.mouser.com/Search/Refine.aspx?Keyword=603-RC0805FR-074K7L"; VariantName = "[No Variations]"
Add component (AddParameter): Name = "RS Part Number"; Value = "6181408"; VariantName = "[No Variations]"
Add component (AddParameter): Name = "RS Price/Stock"; Value = "http://uk.rs-online.com/web/p/products/6181408"; VariantName = "[No Variations]"
Added Component: Designator=R11_CO2(RESC2012X60N)
Add component. Clean all parameters for all variants
Add component (AddParameter): Name = "Datasheet Link"; Value = "http://www.yageo.com/documents/recent/PYu-RC_Group_51_RoHS_L_10.pdf"; VariantName = "[No Variations]"
Add component (AddParameter): Name = "Height"; Value = "0.6mm"; VariantName = "[No Variations]"
Add component (AddParameter): Name = "Manufacturer_Name"; Value = "YAGEO (PHYCOMP)"; VariantName = "[No Variations]"
Add component (AddParameter): Name = "Manufacturer_Part_Number"; Value = "RC0805FR-074K7L"; VariantName = "[No Variations]"
Add component (AddParameter): Name = "Mouser Part Number"; Value = "603-RC0805FR-074K7L"; VariantName = "[No Variations]"
Add component (AddParameter): Name = "Mouser Price/Stock"; Value = "https://www.mouser.com/Search/Refine.aspx?Keyword=603-RC0805FR-074K7L"; VariantName = "[No Variations]"
Add component (AddParameter): Name = "RS Part Number"; Value = "6181408"; VariantName = "[No Variations]"
Add component (AddParameter): Name = "RS Price/Stock"; Value = "http://uk.rs-online.com/web/p/products/6181408"; VariantName = "[No Variations]"
Added Component: Designator=R12_CO2(RESC2012X60N)
Add component. Clean all parameters for all variants
Add component (AddParameter): Name = "Datasheet Link"; Value = "http://www.yageo.com/documents/recent/PYu-RC_Group_51_RoHS_L_10.pdf"; VariantName = "[No Variations]"
Add component (AddParameter): Name = "Height"; Value = "0.6mm"; VariantName = "[No Variations]"
Add component (AddParameter): Name = "Manufacturer_Name"; Value = "YAGEO (PHYCOMP)"; VariantName = "[No Variations]"
Add component (AddParameter): Name = "Manufacturer_Part_Number"; Value = "RC0805FR-074K7L"; VariantName = "[No Variations]"
Add component (AddParameter): Name = "Mouser Part Number"; Value = "603-RC0805FR-074K7L"; VariantName = "[No Variations]"
Add component (AddParameter): Name = "Mouser Price/Stock"; Value = "https://www.mouser.com/Search/Refine.aspx?Keyword=603-RC0805FR-074K7L"; VariantName = "[No Variations]"
Add component (AddParameter): Name = "RS Part Number"; Value = "6181408"; VariantName = "[No Variations]"
Add component (AddParameter): Name = "RS Price/Stock"; Value = "http://uk.rs-online.com/web/p/products/6181408"; VariantName = "[No Variations]"
Added Pin To Net: NetName=GND Pin=C3_CO2-1
Added Pin To Net: NetName=NetC3_CO2_2 Pin=C3_CO2-2
Added Pin To Net: NetName=GND Pin=C4_CO2-1
Added Pin To Net: NetName=-5_CO2 Pin=C4_CO2-2
Added Pin To Net: NetName=+5 Pin=C5_CO2-1
Added Pin To Net: NetName=GND Pin=C5_CO2-2
Added Pin To Net: NetName=-5_CO2 Pin=C6_CO2-1
Added Pin To Net: NetName=GND Pin=C6_CO2-2
Added Pin To Net: NetName=NetIC1_CO2_1 Pin=IC1_CO2-1
Added Pin To Net: NetName=AMP_A_CO2 Pin=IC1_CO2-2
Added Pin To Net: NetName=-5_CO2 Pin=IC1_CO2-3
Added Pin To Net: NetName=NetIC1_CO2_4 Pin=IC1_CO2-4
Added Pin To Net: NetName=AMP_B_CO2 Pin=IC1_CO2-5
Added Pin To Net: NetName=NetC1_CO2_2 Pin=IC1_CO2-6
Added Pin To Net: NetName=NetIC1_CO2_7 Pin=IC1_CO2-7
Added Pin To Net: NetName=AMP_C_CO2 Pin=IC1_CO2-8
Added Pin To Net: NetName=-5_CO2 Pin=IC1_CO2-9
Added Pin To Net: NetName=NetIC1_CO2_10 Pin=IC1_CO2-10
Added Pin To Net: NetName=AMP_D_CO2 Pin=IC1_CO2-11
Added Pin To Net: NetName=NetC3_CO2_2 Pin=IC1_CO2-12
Added Pin To Net: NetName=NetIC1_CO2_14 Pin=IC1_CO2-14
Added Pin To Net: NetName=+5 Pin=IC1_CO2-15
Added Pin To Net: NetName=NetIC1_CO2_17 Pin=IC1_CO2-17
Added Pin To Net: NetName=+5 Pin=IC1_CO2-18
Added Pin To Net: NetName=NetIC1_CO2_20 Pin=IC1_CO2-20
Added Pin To Net: NetName=+5 Pin=IC1_CO2-21
Added Pin To Net: NetName=NetIC1_CO2_23 Pin=IC1_CO2-23
Added Pin To Net: NetName=AMP_A_CO2 Pin=IC2_CO2-1
Added Pin To Net: NetName=NetIC2_CO2_3 Pin=IC2_CO2-3
Added Pin To Net: NetName=+5 Pin=IC2_CO2-4
Added Pin To Net: NetName=NetIC2_CO2_5 Pin=IC2_CO2-5
Added Pin To Net: NetName=AMP_B_CO2 Pin=IC2_CO2-7
Added Pin To Net: NetName=AMP_C_CO2 Pin=IC2_CO2-8
Added Pin To Net: NetName=NetIC2_CO2_10 Pin=IC2_CO2-10
Added Pin To Net: NetName=-5_CO2 Pin=IC2_CO2-11
Added Pin To Net: NetName=NetIC2_CO2_12 Pin=IC2_CO2-12
Added Pin To Net: NetName=AMP_D_CO2 Pin=IC2_CO2-14
Added Pin To Net: NetName=NetIC3_CO2_1 Pin=IC3_CO2-1
Added Pin To Net: NetName=NetIC3_CO2_2 Pin=IC3_CO2-2
Added Pin To Net: NetName=NetIC3_CO2_3 Pin=IC3_CO2-3
Added Pin To Net: NetName=NetIC1_CO2_1 Pin=IC3_CO2-4
Added Pin To Net: NetName=+5 Pin=IC3_CO2-5
Added Pin To Net: NetName=NetIC1_CO2_4 Pin=IC3_CO2-6
Added Pin To Net: NetName=NetIC3_CO2_3 Pin=IC3_CO2-7
Added Pin To Net: NetName=+5 Pin=IC3_CO2-8
Added Pin To Net: NetName=NetIC3_CO2_9 Pin=IC3_CO2-9
Added Pin To Net: NetName=NetIC3_CO2_10 Pin=IC3_CO2-10
Added Pin To Net: NetName=NetIC3_CO2_3 Pin=IC3_CO2-11
Added Pin To Net: NetName=NetIC1_CO2_7 Pin=IC3_CO2-12
Added Pin To Net: NetName=NetIC1_CO2_10 Pin=IC3_CO2-14
Added Pin To Net: NetName=NetIC3_CO2_3 Pin=IC3_CO2-15
Added Pin To Net: NetName=GND Pin=IC3_CO2-16
Added Pin To Net: NetName=-5_CO2 Pin=R1_CO2-1
Added Pin To Net: NetName=NetIC1_CO2_1 Pin=R1_CO2-2
Added Pin To Net: NetName=NetIC1_CO2_23 Pin=R2_CO2-1
Added Pin To Net: NetName=NetIC1_CO2_1 Pin=R2_CO2-2
Added Pin To Net: NetName=-5_CO2 Pin=R3_CO2-1
Added Pin To Net: NetName=NetIC1_CO2_4 Pin=R3_CO2-2
Added Pin To Net: NetName=NetIC1_CO2_20 Pin=R4_CO2-1
Added Pin To Net: NetName=NetIC1_CO2_4 Pin=R4_CO2-2
Added Pin To Net: NetName=-5_CO2 Pin=R5_CO2-1
Added Pin To Net: NetName=NetIC1_CO2_7 Pin=R5_CO2-2
Added Pin To Net: NetName=NetIC1_CO2_17 Pin=R6_CO2-1
Added Pin To Net: NetName=NetIC1_CO2_7 Pin=R6_CO2-2
Added Pin To Net: NetName=-5_CO2 Pin=R7_CO2-1
Added Pin To Net: NetName=NetIC1_CO2_10 Pin=R7_CO2-2
Added Pin To Net: NetName=NetIC1_CO2_14 Pin=R8_CO2-1
Added Pin To Net: NetName=NetIC1_CO2_10 Pin=R8_CO2-2
Added Pin To Net: NetName=NetIC1_CO2_1 Pin=R9_CO2-1
Added Pin To Net: NetName=+5 Pin=R9_CO2-2
Added Pin To Net: NetName=NetIC1_CO2_4 Pin=R10_CO2-1
Added Pin To Net: NetName=+5 Pin=R10_CO2-2
Added Pin To Net: NetName=+5 Pin=R11_CO2-1
Added Pin To Net: NetName=NetIC1_CO2_7 Pin=R11_CO2-2
Added Pin To Net: NetName=NetIC1_CO2_10 Pin=R12_CO2-1
Added Pin To Net: NetName=+5 Pin=R12_CO2-2
Added Member To Class: ClassName=CO1 Member=Component C1_CO1 (C1) CC0805ZRY5V9BB104
Added Member To Class: ClassName=CO2 Member=Component C1_CO2 (C1) CC0805ZRY5V9BB104
Added Member To Class: ClassName=CO3 Member=Component C1_CO3 (C1) CC0805ZRY5V9BB104
Added Member To Class: ClassName=CO4 Member=Component C1_CO4 (C1) CC0805ZRY5V9BB104
Added Member To Class: ClassName=CO5 Member=Component C1_CO5 (C1) CC0805ZRY5V9BB104
Added Member To Class: ClassName=CO6 Member=Component C1_CO6 (C1) CC0805ZRY5V9BB104
Added Member To Class: ClassName=CO7 Member=Component C1_CO7 (C1) CC0805ZRY5V9BB104
Added Member To Class: ClassName=CO8 Member=Component C1_CO8 (C1) CC0805ZRY5V9BB104
Added Member To Class: ClassName=CO1 Member=Component C2_CO1 (C2) CC0805ZRY5V9BB104
Added Member To Class: ClassName=CO2 Member=Component C2_CO2 (C2) CC0805ZRY5V9BB104
Added Member To Class: ClassName=CO3 Member=Component C2_CO3 (C2) CC0805ZRY5V9BB104
Added Member To Class: ClassName=CO4 Member=Component C2_CO4 (C2) CC0805ZRY5V9BB104
Added Member To Class: ClassName=CO5 Member=Component C2_CO5 (C2) CC0805ZRY5V9BB104
Added Member To Class: ClassName=CO6 Member=Component C2_CO6 (C2) CC0805ZRY5V9BB104
Added Member To Class: ClassName=CO7 Member=Component C2_CO7 (C2) CC0805ZRY5V9BB104
Added Member To Class: ClassName=CO8 Member=Component C2_CO8 (C2) CC0805ZRY5V9BB104
Added Member To Class: ClassName=CO2 Member=Component C3_CO2 (C3) CC0805ZRY5V9BB104
Added Member To Class: ClassName=CO2 Member=Component C4_CO2 (C4) CC0805ZRY5V9BB104
Added Member To Class: ClassName=CO2 Member=Component C5_CO2 (C5) CC0805ZRY5V9BB104
Added Member To Class: ClassName=CO2 Member=Component C6_CO2 (C6) CC0805ZRY5V9BB104
Added Member To Class: ClassName=CO2 Member=Component IC1_CO2 (IC1) MAX9602EUG+
Added Member To Class: ClassName=CO2 Member=Component IC2_CO2 (IC2) OPA4202IDR
Added Member To Class: ClassName=CO2 Member=Component IC3_CO2 (IC3) CD4043BDR
Added Member To Class: ClassName=CO2 Member=Component R1_CO2 (R1) RC0805JR-071KL
Added Member To Class: ClassName=CO2 Member=Component R2_CO2 (R2) RT0805BRD0724K9L
Added Member To Class: ClassName=CO2 Member=Component R3_CO2 (R3) RC0805JR-071KL
Added Member To Class: ClassName=CO2 Member=Component R4_CO2 (R4) RT0805BRD0724K9L
Added Member To Class: ClassName=CO2 Member=Component R5_CO2 (R5) RC0805JR-071KL
Added Member To Class: ClassName=CO2 Member=Component R6_CO2 (R6) RT0805BRD0724K9L
Added Member To Class: ClassName=CO2 Member=Component R7_CO2 (R7) RC0805JR-071KL
Added Member To Class: ClassName=CO2 Member=Component R8_CO2 (R8) RT0805BRD0724K9L
Added Member To Class: ClassName=CO2 Member=Component R9_CO2 (R9) RC0805FR-074K7L
Added Member To Class: ClassName=CO2 Member=Component R10_CO2 (R10) RC0805FR-074K7L
Added Member To Class: ClassName=CO2 Member=Component R11_CO2 (R11) RC0805FR-074K7L
Added Member To Class: ClassName=CO2 Member=Component R12_CO2 (R12) RC0805FR-074K7L
Added Room: Name=CO2
