Change Component Designator: OldDesignator=C1_Comparator1 NewDesignator=C1_CO1
Change Component Designator: OldDesignator=C1_Comparator2 NewDesignator=C1_CO2
Change Component Designator: OldDesignator=C1_Comparator3 NewDesignator=C1_CO3
Change Component Designator: OldDesignator=C1_Comparator4 NewDesignator=C1_CO4
Change Component Designator: OldDesignator=C1_Comparator5 NewDesignator=C1_CO5
Change Component Designator: OldDesignator=C1_Comparator6 NewDesignator=C1_CO6
Change Component Designator: OldDesignator=C1_Comparator7 NewDesignator=C1_CO7
Change Component Designator: OldDesignator=C1_Comparator8 NewDesignator=C1_CO8
Change Component Designator: OldDesignator=C2_Comparator1 NewDesignator=C2_CO1
Change Component Designator: OldDesignator=C2_Comparator2 NewDesignator=C2_CO2
Change Component Designator: OldDesignator=C2_Comparator3 NewDesignator=C2_CO3
Change Component Designator: OldDesignator=C2_Comparator4 NewDesignator=C2_CO4
Change Component Designator: OldDesignator=C2_Comparator5 NewDesignator=C2_CO5
Change Component Designator: OldDesignator=C2_Comparator6 NewDesignator=C2_CO6
Change Component Designator: OldDesignator=C2_Comparator7 NewDesignator=C2_CO7
Change Component Designator: OldDesignator=C2_Comparator8 NewDesignator=C2_CO8
Change Component Designator: OldDesignator=IC1_Comparator1 NewDesignator=IC1_CO1
Change Component Designator: OldDesignator=IC1_Comparator2 NewDesignator=IC1_CO2
Change Component Designator: OldDesignator=IC1_Comparator3 NewDesignator=IC1_CO3
Change Component Designator: OldDesignator=IC1_Comparator4 NewDesignator=IC1_CO4
Change Component Designator: OldDesignator=IC1_Comparator5 NewDesignator=IC1_CO5
Change Component Designator: OldDesignator=IC1_Comparator6 NewDesignator=IC1_CO6
Change Component Designator: OldDesignator=IC1_Comparator7 NewDesignator=IC1_CO7
Change Component Designator: OldDesignator=IC1_Comparator8 NewDesignator=IC1_CO8
Change Component Designator: OldDesignator=R1_Comparator1 NewDesignator=R1_CO1
Change Component Designator: OldDesignator=R1_Comparator2 NewDesignator=R1_CO2
Change Component Designator: OldDesignator=R1_Comparator3 NewDesignator=R1_CO3
Change Component Designator: OldDesignator=R1_Comparator4 NewDesignator=R1_CO4
Change Component Designator: OldDesignator=R1_Comparator5 NewDesignator=R1_CO5
Change Component Designator: OldDesignator=R1_Comparator6 NewDesignator=R1_CO6
Change Component Designator: OldDesignator=R1_Comparator7 NewDesignator=R1_CO7
Change Component Designator: OldDesignator=R1_Comparator8 NewDesignator=R1_CO8
Change Component Designator: OldDesignator=R2_Comparator1 NewDesignator=R2_CO1
Change Component Designator: OldDesignator=R2_Comparator2 NewDesignator=R2_CO2
Change Component Designator: OldDesignator=R2_Comparator3 NewDesignator=R2_CO3
Change Component Designator: OldDesignator=R2_Comparator4 NewDesignator=R2_CO4
Change Component Designator: OldDesignator=R2_Comparator5 NewDesignator=R2_CO5
Change Component Designator: OldDesignator=R2_Comparator6 NewDesignator=R2_CO6
Change Component Designator: OldDesignator=R2_Comparator7 NewDesignator=R2_CO7
Change Component Designator: OldDesignator=R2_Comparator8 NewDesignator=R2_CO8
Change Component Designator: OldDesignator=R3_Comparator1 NewDesignator=R3_CO1
Change Component Designator: OldDesignator=R3_Comparator2 NewDesignator=R3_CO2
Change Component Designator: OldDesignator=R3_Comparator3 NewDesignator=R3_CO3
Change Component Designator: OldDesignator=R3_Comparator4 NewDesignator=R3_CO4
Change Component Designator: OldDesignator=R3_Comparator5 NewDesignator=R3_CO5
Change Component Designator: OldDesignator=R3_Comparator6 NewDesignator=R3_CO6
Change Component Designator: OldDesignator=R3_Comparator7 NewDesignator=R3_CO7
Change Component Designator: OldDesignator=R3_Comparator8 NewDesignator=R3_CO8
Change Component Designator: OldDesignator=R4_Comparator1 NewDesignator=R4_CO1
Change Component Designator: OldDesignator=R4_Comparator2 NewDesignator=R4_CO2
Change Component Designator: OldDesignator=R4_Comparator3 NewDesignator=R4_CO3
Change Component Designator: OldDesignator=R4_Comparator4 NewDesignator=R4_CO4
Change Component Designator: OldDesignator=R4_Comparator5 NewDesignator=R4_CO5
Change Component Designator: OldDesignator=R4_Comparator6 NewDesignator=R4_CO6
Change Component Designator: OldDesignator=R4_Comparator7 NewDesignator=R4_CO7
Change Component Designator: OldDesignator=R4_Comparator8 NewDesignator=R4_CO8
Change Component Designator: OldDesignator=R5_Comparator1 NewDesignator=R5_CO1
Change Component Designator: OldDesignator=R5_Comparator2 NewDesignator=R5_CO2
Change Component Designator: OldDesignator=R5_Comparator3 NewDesignator=R5_CO3
Change Component Designator: OldDesignator=R5_Comparator4 NewDesignator=R5_CO4
Change Component Designator: OldDesignator=R5_Comparator5 NewDesignator=R5_CO5
Change Component Designator: OldDesignator=R5_Comparator6 NewDesignator=R5_CO6
Change Component Designator: OldDesignator=R5_Comparator7 NewDesignator=R5_CO7
Change Component Designator: OldDesignator=R5_Comparator8 NewDesignator=R5_CO8
Change Component Designator: OldDesignator=R6_Comparator1 NewDesignator=R6_CO1
Change Component Designator: OldDesignator=R6_Comparator2 NewDesignator=R6_CO2
Change Component Designator: OldDesignator=R6_Comparator3 NewDesignator=R6_CO3
Change Component Designator: OldDesignator=R6_Comparator4 NewDesignator=R6_CO4
Change Component Designator: OldDesignator=R6_Comparator5 NewDesignator=R6_CO5
Change Component Designator: OldDesignator=R6_Comparator6 NewDesignator=R6_CO6
Change Component Designator: OldDesignator=R6_Comparator7 NewDesignator=R6_CO7
Change Component Designator: OldDesignator=R6_Comparator8 NewDesignator=R6_CO8
Change Component Designator: OldDesignator=R7_Comparator1 NewDesignator=R7_CO1
Change Component Designator: OldDesignator=R7_Comparator2 NewDesignator=R7_CO2
Change Component Designator: OldDesignator=R7_Comparator3 NewDesignator=R7_CO3
Change Component Designator: OldDesignator=R7_Comparator4 NewDesignator=R7_CO4
Change Component Designator: OldDesignator=R7_Comparator5 NewDesignator=R7_CO5
Change Component Designator: OldDesignator=R7_Comparator6 NewDesignator=R7_CO6
Change Component Designator: OldDesignator=R7_Comparator7 NewDesignator=R7_CO7
Change Component Designator: OldDesignator=R7_Comparator8 NewDesignator=R7_CO8
Change Component Designator: OldDesignator=R8_Comparator1 NewDesignator=R8_CO1
Change Component Designator: OldDesignator=R8_Comparator2 NewDesignator=R8_CO2
Change Component Designator: OldDesignator=R8_Comparator3 NewDesignator=R8_CO3
Change Component Designator: OldDesignator=R8_Comparator4 NewDesignator=R8_CO4
Change Component Designator: OldDesignator=R8_Comparator5 NewDesignator=R8_CO5
Change Component Designator: OldDesignator=R8_Comparator6 NewDesignator=R8_CO6
Change Component Designator: OldDesignator=R8_Comparator7 NewDesignator=R8_CO7
Change Component Designator: OldDesignator=R8_Comparator8 NewDesignator=R8_CO8
Change Component Designator: OldDesignator=R9_Comparator1 NewDesignator=R9_CO1
Change Component Designator: OldDesignator=R9_Comparator2 NewDesignator=R9_CO2
Change Component Designator: OldDesignator=R9_Comparator3 NewDesignator=R9_CO3
Change Component Designator: OldDesignator=R9_Comparator4 NewDesignator=R9_CO4
Change Component Designator: OldDesignator=R9_Comparator5 NewDesignator=R9_CO5
Change Component Designator: OldDesignator=R9_Comparator6 NewDesignator=R9_CO6
Change Component Designator: OldDesignator=R9_Comparator7 NewDesignator=R9_CO7
Change Component Designator: OldDesignator=R9_Comparator8 NewDesignator=R9_CO8
Change Component Designator: OldDesignator=R10_Comparator1 NewDesignator=R10_CO1
Change Component Designator: OldDesignator=R10_Comparator2 NewDesignator=R10_CO2
Change Component Designator: OldDesignator=R10_Comparator3 NewDesignator=R10_CO3
Change Component Designator: OldDesignator=R10_Comparator4 NewDesignator=R10_CO4
Change Component Designator: OldDesignator=R10_Comparator5 NewDesignator=R10_CO5
Change Component Designator: OldDesignator=R10_Comparator6 NewDesignator=R10_CO6
Change Component Designator: OldDesignator=R10_Comparator7 NewDesignator=R10_CO7
Change Component Designator: OldDesignator=R10_Comparator8 NewDesignator=R10_CO8
Change Component Designator: OldDesignator=R11_Comparator1 NewDesignator=R11_CO1
Change Component Designator: OldDesignator=R11_Comparator2 NewDesignator=R11_CO2
Change Component Designator: OldDesignator=R11_Comparator3 NewDesignator=R11_CO3
Change Component Designator: OldDesignator=R11_Comparator4 NewDesignator=R11_CO4
Change Component Designator: OldDesignator=R11_Comparator5 NewDesignator=R11_CO5
Change Component Designator: OldDesignator=R11_Comparator6 NewDesignator=R11_CO6
Change Component Designator: OldDesignator=R11_Comparator7 NewDesignator=R11_CO7
Change Component Designator: OldDesignator=R11_Comparator8 NewDesignator=R11_CO8
Change Component Designator: OldDesignator=R12_Comparator1 NewDesignator=R12_CO1
Change Component Designator: OldDesignator=R12_Comparator2 NewDesignator=R12_CO2
Change Component Designator: OldDesignator=R12_Comparator3 NewDesignator=R12_CO3
Change Component Designator: OldDesignator=R12_Comparator4 NewDesignator=R12_CO4
Change Component Designator: OldDesignator=R12_Comparator5 NewDesignator=R12_CO5
Change Component Designator: OldDesignator=R12_Comparator6 NewDesignator=R12_CO6
Change Component Designator: OldDesignator=R12_Comparator7 NewDesignator=R12_CO7
Change Component Designator: OldDesignator=R12_Comparator8 NewDesignator=R12_CO8
Change Net Name : Old Net Name=NetIC1_Comparator1_1 New Net Name=NetIC1_CO1_1
Change Net Name : Old Net Name=NetIC1_Comparator1_2 New Net Name=NetIC1_CO1_2
Change Net Name : Old Net Name=NetIC1_Comparator1_4 New Net Name=NetIC1_CO1_4
Change Net Name : Old Net Name=NetIC1_Comparator1_5 New Net Name=NetIC1_CO1_5
Change Net Name : Old Net Name=NetIC1_Comparator1_7 New Net Name=NetIC1_CO1_7
Change Net Name : Old Net Name=NetIC1_Comparator1_8 New Net Name=NetIC1_CO1_8
Change Net Name : Old Net Name=NetIC1_Comparator1_10 New Net Name=NetIC1_CO1_10
Change Net Name : Old Net Name=NetIC1_Comparator1_11 New Net Name=NetIC1_CO1_11
Change Net Name : Old Net Name=NetIC1_Comparator1_14 New Net Name=NetIC1_CO1_14
Change Net Name : Old Net Name=NetIC1_Comparator1_17 New Net Name=NetIC1_CO1_17
Change Net Name : Old Net Name=NetIC1_Comparator1_20 New Net Name=NetIC1_CO1_20
Change Net Name : Old Net Name=NetIC1_Comparator1_23 New Net Name=NetIC1_CO1_23
Change Net Name : Old Net Name=NetIC1_Comparator2_1 New Net Name=NetIC1_CO2_1
Change Net Name : Old Net Name=NetIC1_Comparator2_2 New Net Name=NetIC1_CO2_2
Change Net Name : Old Net Name=NetIC1_Comparator2_4 New Net Name=NetIC1_CO2_4
Change Net Name : Old Net Name=NetIC1_Comparator2_5 New Net Name=NetIC1_CO2_5
Change Net Name : Old Net Name=NetIC1_Comparator2_7 New Net Name=NetIC1_CO2_7
Change Net Name : Old Net Name=NetIC1_Comparator2_8 New Net Name=NetIC1_CO2_8
Change Net Name : Old Net Name=NetIC1_Comparator2_10 New Net Name=NetIC1_CO2_10
Change Net Name : Old Net Name=NetIC1_Comparator2_11 New Net Name=NetIC1_CO2_11
Change Net Name : Old Net Name=NetIC1_Comparator2_14 New Net Name=NetIC1_CO2_14
Change Net Name : Old Net Name=NetIC1_Comparator2_17 New Net Name=NetIC1_CO2_17
Change Net Name : Old Net Name=NetIC1_Comparator2_20 New Net Name=NetIC1_CO2_20
Change Net Name : Old Net Name=NetIC1_Comparator2_23 New Net Name=NetIC1_CO2_23
Change Net Name : Old Net Name=NetIC1_Comparator3_1 New Net Name=NetIC1_CO3_1
Change Net Name : Old Net Name=NetIC1_Comparator3_2 New Net Name=NetIC1_CO3_2
Change Net Name : Old Net Name=NetIC1_Comparator3_4 New Net Name=NetIC1_CO3_4
Change Net Name : Old Net Name=NetIC1_Comparator3_5 New Net Name=NetIC1_CO3_5
Change Net Name : Old Net Name=NetIC1_Comparator3_7 New Net Name=NetIC1_CO3_7
Change Net Name : Old Net Name=NetIC1_Comparator3_8 New Net Name=NetIC1_CO3_8
Change Net Name : Old Net Name=NetIC1_Comparator3_10 New Net Name=NetIC1_CO3_10
Change Net Name : Old Net Name=NetIC1_Comparator3_11 New Net Name=NetIC1_CO3_11
Change Net Name : Old Net Name=NetIC1_Comparator3_14 New Net Name=NetIC1_CO3_14
Change Net Name : Old Net Name=NetIC1_Comparator3_17 New Net Name=NetIC1_CO3_17
Change Net Name : Old Net Name=NetIC1_Comparator3_20 New Net Name=NetIC1_CO3_20
Change Net Name : Old Net Name=NetIC1_Comparator3_23 New Net Name=NetIC1_CO3_23
Change Net Name : Old Net Name=NetIC1_Comparator4_1 New Net Name=NetIC1_CO4_1
Change Net Name : Old Net Name=NetIC1_Comparator4_2 New Net Name=NetIC1_CO4_2
Change Net Name : Old Net Name=NetIC1_Comparator4_4 New Net Name=NetIC1_CO4_4
Change Net Name : Old Net Name=NetIC1_Comparator4_5 New Net Name=NetIC1_CO4_5
Change Net Name : Old Net Name=NetIC1_Comparator4_7 New Net Name=NetIC1_CO4_7
Change Net Name : Old Net Name=NetIC1_Comparator4_8 New Net Name=NetIC1_CO4_8
Change Net Name : Old Net Name=NetIC1_Comparator4_10 New Net Name=NetIC1_CO4_10
Change Net Name : Old Net Name=NetIC1_Comparator4_11 New Net Name=NetIC1_CO4_11
Change Net Name : Old Net Name=NetIC1_Comparator4_14 New Net Name=NetIC1_CO4_14
Change Net Name : Old Net Name=NetIC1_Comparator4_17 New Net Name=NetIC1_CO4_17
Change Net Name : Old Net Name=NetIC1_Comparator4_20 New Net Name=NetIC1_CO4_20
Change Net Name : Old Net Name=NetIC1_Comparator4_23 New Net Name=NetIC1_CO4_23
Change Net Name : Old Net Name=NetIC1_Comparator5_1 New Net Name=NetIC1_CO5_1
Change Net Name : Old Net Name=NetIC1_Comparator5_2 New Net Name=NetIC1_CO5_2
Change Net Name : Old Net Name=NetIC1_Comparator5_4 New Net Name=NetIC1_CO5_4
Change Net Name : Old Net Name=NetIC1_Comparator5_5 New Net Name=NetIC1_CO5_5
Change Net Name : Old Net Name=NetIC1_Comparator5_7 New Net Name=NetIC1_CO5_7
Change Net Name : Old Net Name=NetIC1_Comparator5_8 New Net Name=NetIC1_CO5_8
Change Net Name : Old Net Name=NetIC1_Comparator5_10 New Net Name=NetIC1_CO5_10
Change Net Name : Old Net Name=NetIC1_Comparator5_11 New Net Name=NetIC1_CO5_11
Change Net Name : Old Net Name=NetIC1_Comparator5_14 New Net Name=NetIC1_CO5_14
Change Net Name : Old Net Name=NetIC1_Comparator5_17 New Net Name=NetIC1_CO5_17
Change Net Name : Old Net Name=NetIC1_Comparator5_20 New Net Name=NetIC1_CO5_20
Change Net Name : Old Net Name=NetIC1_Comparator5_23 New Net Name=NetIC1_CO5_23
Change Net Name : Old Net Name=NetIC1_Comparator6_1 New Net Name=NetIC1_CO6_1
Change Net Name : Old Net Name=NetIC1_Comparator6_2 New Net Name=NetIC1_CO6_2
Change Net Name : Old Net Name=NetIC1_Comparator6_4 New Net Name=NetIC1_CO6_4
Change Net Name : Old Net Name=NetIC1_Comparator6_5 New Net Name=NetIC1_CO6_5
Change Net Name : Old Net Name=NetIC1_Comparator6_7 New Net Name=NetIC1_CO6_7
Change Net Name : Old Net Name=NetIC1_Comparator6_8 New Net Name=NetIC1_CO6_8
Change Net Name : Old Net Name=NetIC1_Comparator6_10 New Net Name=NetIC1_CO6_10
Change Net Name : Old Net Name=NetIC1_Comparator6_11 New Net Name=NetIC1_CO6_11
Change Net Name : Old Net Name=NetIC1_Comparator6_14 New Net Name=NetIC1_CO6_14
Change Net Name : Old Net Name=NetIC1_Comparator6_17 New Net Name=NetIC1_CO6_17
Change Net Name : Old Net Name=NetIC1_Comparator6_20 New Net Name=NetIC1_CO6_20
Change Net Name : Old Net Name=NetIC1_Comparator6_23 New Net Name=NetIC1_CO6_23
Change Net Name : Old Net Name=NetIC1_Comparator7_1 New Net Name=NetIC1_CO7_1
Change Net Name : Old Net Name=NetIC1_Comparator7_2 New Net Name=NetIC1_CO7_2
Change Net Name : Old Net Name=NetIC1_Comparator7_4 New Net Name=NetIC1_CO7_4
Change Net Name : Old Net Name=NetIC1_Comparator7_5 New Net Name=NetIC1_CO7_5
Change Net Name : Old Net Name=NetIC1_Comparator7_7 New Net Name=NetIC1_CO7_7
Change Net Name : Old Net Name=NetIC1_Comparator7_8 New Net Name=NetIC1_CO7_8
Change Net Name : Old Net Name=NetIC1_Comparator7_10 New Net Name=NetIC1_CO7_10
Change Net Name : Old Net Name=NetIC1_Comparator7_11 New Net Name=NetIC1_CO7_11
Change Net Name : Old Net Name=NetIC1_Comparator7_14 New Net Name=NetIC1_CO7_14
Change Net Name : Old Net Name=NetIC1_Comparator7_17 New Net Name=NetIC1_CO7_17
Change Net Name : Old Net Name=NetIC1_Comparator7_20 New Net Name=NetIC1_CO7_20
Change Net Name : Old Net Name=NetIC1_Comparator7_23 New Net Name=NetIC1_CO7_23
Change Net Name : Old Net Name=NetIC1_Comparator8_1 New Net Name=NetIC1_CO8_1
Change Net Name : Old Net Name=NetIC1_Comparator8_2 New Net Name=NetIC1_CO8_2
Change Net Name : Old Net Name=NetIC1_Comparator8_4 New Net Name=NetIC1_CO8_4
Change Net Name : Old Net Name=NetIC1_Comparator8_5 New Net Name=NetIC1_CO8_5
Change Net Name : Old Net Name=NetIC1_Comparator8_7 New Net Name=NetIC1_CO8_7
Change Net Name : Old Net Name=NetIC1_Comparator8_8 New Net Name=NetIC1_CO8_8
Change Net Name : Old Net Name=NetIC1_Comparator8_10 New Net Name=NetIC1_CO8_10
Change Net Name : Old Net Name=NetIC1_Comparator8_11 New Net Name=NetIC1_CO8_11
Change Net Name : Old Net Name=NetIC1_Comparator8_14 New Net Name=NetIC1_CO8_14
Change Net Name : Old Net Name=NetIC1_Comparator8_17 New Net Name=NetIC1_CO8_17
Change Net Name : Old Net Name=NetIC1_Comparator8_20 New Net Name=NetIC1_CO8_20
Change Net Name : Old Net Name=NetIC1_Comparator8_23 New Net Name=NetIC1_CO8_23
Change Net Name : Old Net Name=NetR1_Comparator1_1 New Net Name=NetR1_CO1_1
Change Net Name : Old Net Name=NetR1_Comparator2_1 New Net Name=NetR1_CO2_1
Change Net Name : Old Net Name=NetR1_Comparator3_1 New Net Name=NetR1_CO3_1
Change Net Name : Old Net Name=NetR1_Comparator4_1 New Net Name=NetR1_CO4_1
Change Net Name : Old Net Name=NetR1_Comparator5_1 New Net Name=NetR1_CO5_1
Change Net Name : Old Net Name=NetR1_Comparator6_1 New Net Name=NetR1_CO6_1
Change Net Name : Old Net Name=NetR1_Comparator7_1 New Net Name=NetR1_CO7_1
Change Net Name : Old Net Name=NetR1_Comparator8_1 New Net Name=NetR1_CO8_1
Change Class Name : Old Net Name=Comparator1 New Net Name=CO1
Change Class Name : Old Net Name=Comparator2 New Net Name=CO2
Change Class Name : Old Net Name=Comparator3 New Net Name=CO3
Change Class Name : Old Net Name=Comparator4 New Net Name=CO4
Change Class Name : Old Net Name=Comparator5 New Net Name=CO5
Change Class Name : Old Net Name=Comparator6 New Net Name=CO6
Change Class Name : Old Net Name=Comparator7 New Net Name=CO7
Change Class Name : Old Net Name=Comparator8 New Net Name=CO8
Change Room Name: Old Name=Comparator7 New Name=CO7
Change Room Scope: Old Scope=InComponentClass('Comparator7') New Scope=InComponentClass('CO7')
Added Room: Name=CO1
Added Room: Name=CO2
Added Room: Name=CO3
Added Room: Name=CO4
Added Room: Name=CO5
Added Room: Name=CO6
Added Room: Name=CO8
