Added Component: Designator=P_T(HDR1X2)
Add component. Clean all parameters for all variants
Add component (AddParameter): Name = "LatestRevisionDate"; Value = "17-Jul-2002"; VariantName = "[No Variations]"
Add component (AddParameter): Name = "LatestRevisionNote"; Value = "Re-released for DXP Platform."; VariantName = "[No Variations]"
Add component (AddParameter): Name = "Publisher"; Value = "Altium Limited"; VariantName = "[No Variations]"
Added Pin To Net: NetName=NetIC3_CO6_3 Pin=IC3_CO1-3
Added Pin To Net: NetName=NetIC3_CO6_3 Pin=IC3_CO1-7
Added Pin To Net: NetName=NetIC3_CO6_3 Pin=IC3_CO1-11
Added Pin To Net: NetName=NetIC3_CO6_3 Pin=IC3_CO1-15
Added Pin To Net: NetName=NetIC3_CO6_3 Pin=IC3_CO2-3
Added Pin To Net: NetName=NetIC3_CO6_3 Pin=IC3_CO2-7
Added Pin To Net: NetName=NetIC3_CO6_3 Pin=IC3_CO2-11
Added Pin To Net: NetName=NetIC3_CO6_3 Pin=IC3_CO2-15
Added Pin To Net: NetName=NetIC3_CO6_3 Pin=IC3_CO3-3
Added Pin To Net: NetName=NetIC3_CO6_3 Pin=IC3_CO3-7
Added Pin To Net: NetName=NetIC3_CO6_3 Pin=IC3_CO3-11
Added Pin To Net: NetName=NetIC3_CO6_3 Pin=IC3_CO3-15
Added Pin To Net: NetName=NetIC3_CO6_3 Pin=IC3_CO4-3
Added Pin To Net: NetName=NetIC3_CO6_3 Pin=IC3_CO4-7
Added Pin To Net: NetName=NetIC3_CO6_3 Pin=IC3_CO4-11
Added Pin To Net: NetName=NetIC3_CO6_3 Pin=IC3_CO4-15
Added Pin To Net: NetName=NetIC3_CO6_3 Pin=IC3_CO5-3
Added Pin To Net: NetName=NetIC3_CO6_3 Pin=IC3_CO5-7
Added Pin To Net: NetName=NetIC3_CO6_3 Pin=IC3_CO5-11
Added Pin To Net: NetName=NetIC3_CO6_3 Pin=IC3_CO5-15
Added Pin To Net: NetName=NetIC3_CO6_3 Pin=IC3_CO7-3
Added Pin To Net: NetName=NetIC3_CO6_3 Pin=IC3_CO7-7
Added Pin To Net: NetName=NetIC3_CO6_3 Pin=IC3_CO7-11
Added Pin To Net: NetName=NetIC3_CO6_3 Pin=IC3_CO7-15
Added Pin To Net: NetName=NetIC3_CO6_3 Pin=IC3_CO8-3
Added Pin To Net: NetName=NetIC3_CO6_3 Pin=IC3_CO8-7
Added Pin To Net: NetName=NetIC3_CO6_3 Pin=IC3_CO8-11
Added Pin To Net: NetName=NetIC3_CO6_3 Pin=IC3_CO8-15
Added Pin To Net: NetName=NetIC3_CO6_3 Pin=P_T-1
Added Pin To Net: NetName=GND Pin=P_T-2
Change Net Name : Old Net Name=NetIC3_CO6_3 New Net Name=TRANSMIT
Added Member To Class: ClassName=Receiver Member=Component P_T Header 2
Added Room: Name=Receiver
