Removed Pin From Net: NetName=NetIC1_CO1_13 Pin=IC?_CO1-12
Removed Pin From Net: NetName=NetIC1_CO2_13 Pin=IC?_CO2-12
Removed Pin From Net: NetName=NetIC1_CO3_13 Pin=IC?_CO3-12
Removed Pin From Net: NetName=NetIC1_CO4_13 Pin=IC?_CO4-12
Removed Pin From Net: NetName=NetIC1_CO5_13 Pin=IC?_CO5-12
Removed Pin From Net: NetName=NetIC1_CO6_13 Pin=IC?_CO6-12
Removed Pin From Net: NetName=NetIC1_CO7_13 Pin=IC?_CO7-12
Removed Pin From Net: NetName=NetIC1_CO8_13 Pin=IC?_CO8-12
Change Component Designator: OldDesignator=IC?_CO1 NewDesignator=IC3_CO1
Change Component Designator: OldDesignator=IC?_CO2 NewDesignator=IC3_CO2
Change Component Designator: OldDesignator=IC?_CO3 NewDesignator=IC3_CO3
Change Component Designator: OldDesignator=IC?_CO4 NewDesignator=IC3_CO4
Change Component Designator: OldDesignator=IC?_CO5 NewDesignator=IC3_CO5
Change Component Designator: OldDesignator=IC?_CO6 NewDesignator=IC3_CO6
Change Component Designator: OldDesignator=IC?_CO7 NewDesignator=IC3_CO7
Change Component Designator: OldDesignator=IC?_CO8 NewDesignator=IC3_CO8
Added Pin To Net: NetName=NetIC1_CO1_13 Pin=IC3_CO1-14
Added Pin To Net: NetName=NetIC1_CO2_13 Pin=IC3_CO2-14
Added Pin To Net: NetName=NetIC1_CO3_13 Pin=IC3_CO3-14
Added Pin To Net: NetName=NetIC1_CO4_13 Pin=IC3_CO4-14
Added Pin To Net: NetName=NetIC1_CO5_13 Pin=IC3_CO5-14
Added Pin To Net: NetName=NetIC1_CO6_13 Pin=IC3_CO6-14
Added Pin To Net: NetName=NetIC1_CO7_13 Pin=IC3_CO7-14
Added Pin To Net: NetName=NetIC1_CO8_13 Pin=IC3_CO8-14
Change Net Name : Old Net Name=NetIC?_CO1_3 New Net Name=NetIC3_CO1_3
Change Net Name : Old Net Name=NetIC?_CO2_3 New Net Name=NetIC3_CO2_3
Change Net Name : Old Net Name=NetIC?_CO3_3 New Net Name=NetIC3_CO3_3
Change Net Name : Old Net Name=NetIC?_CO4_3 New Net Name=NetIC3_CO4_3
Change Net Name : Old Net Name=NetIC?_CO5_3 New Net Name=NetIC3_CO5_3
Change Net Name : Old Net Name=NetIC?_CO6_3 New Net Name=NetIC3_CO6_3
Change Net Name : Old Net Name=NetIC?_CO7_3 New Net Name=NetIC3_CO7_3
Change Net Name : Old Net Name=NetIC?_CO8_3 New Net Name=NetIC3_CO8_3
Added Pin To Net: NetName=NetIC1_CO1_10 Pin=IC1_CO1-10
Added Pin To Net: NetName=NetIC1_CO1_10 Pin=R7_CO1-2
Added Pin To Net: NetName=NetIC1_CO1_10 Pin=R8_CO1-2
Added Pin To Net: NetName=NetIC1_CO1_10 Pin=R11_CO1-2
Added Net: Name=NetIC1_CO1_10
Added Pin To Net: NetName=NetIC1_CO1_16 Pin=IC1_CO1-16
Added Pin To Net: NetName=NetIC1_CO1_16 Pin=IC3_CO1-12
Added Pin To Net: NetName=NetIC1_CO1_16 Pin=R24_CO1-2
Added Net: Name=NetIC1_CO1_16
Added Pin To Net: NetName=NetIC1_CO2_10 Pin=IC1_CO2-10
Added Pin To Net: NetName=NetIC1_CO2_10 Pin=R7_CO2-2
Added Pin To Net: NetName=NetIC1_CO2_10 Pin=R8_CO2-2
Added Pin To Net: NetName=NetIC1_CO2_10 Pin=R11_CO2-2
Added Net: Name=NetIC1_CO2_10
Added Pin To Net: NetName=NetIC1_CO2_16 Pin=IC1_CO2-16
Added Pin To Net: NetName=NetIC1_CO2_16 Pin=IC3_CO2-12
Added Pin To Net: NetName=NetIC1_CO2_16 Pin=R24_CO2-2
Added Net: Name=NetIC1_CO2_16
Added Pin To Net: NetName=NetIC1_CO3_10 Pin=IC1_CO3-10
Added Pin To Net: NetName=NetIC1_CO3_10 Pin=R7_CO3-2
Added Pin To Net: NetName=NetIC1_CO3_10 Pin=R8_CO3-2
Added Pin To Net: NetName=NetIC1_CO3_10 Pin=R11_CO3-2
Added Net: Name=NetIC1_CO3_10
Added Pin To Net: NetName=NetIC1_CO3_16 Pin=IC1_CO3-16
Added Pin To Net: NetName=NetIC1_CO3_16 Pin=IC3_CO3-12
Added Pin To Net: NetName=NetIC1_CO3_16 Pin=R24_CO3-2
Added Net: Name=NetIC1_CO3_16
Added Pin To Net: NetName=NetIC1_CO4_10 Pin=IC1_CO4-10
Added Pin To Net: NetName=NetIC1_CO4_10 Pin=R7_CO4-2
Added Pin To Net: NetName=NetIC1_CO4_10 Pin=R8_CO4-2
Added Pin To Net: NetName=NetIC1_CO4_10 Pin=R11_CO4-2
Added Net: Name=NetIC1_CO4_10
Added Pin To Net: NetName=NetIC1_CO4_16 Pin=IC1_CO4-16
Added Pin To Net: NetName=NetIC1_CO4_16 Pin=IC3_CO4-12
Added Pin To Net: NetName=NetIC1_CO4_16 Pin=R24_CO4-2
Added Net: Name=NetIC1_CO4_16
Added Pin To Net: NetName=NetIC1_CO5_10 Pin=IC1_CO5-10
Added Pin To Net: NetName=NetIC1_CO5_10 Pin=R7_CO5-2
Added Pin To Net: NetName=NetIC1_CO5_10 Pin=R8_CO5-2
Added Pin To Net: NetName=NetIC1_CO5_10 Pin=R11_CO5-2
Added Net: Name=NetIC1_CO5_10
Added Pin To Net: NetName=NetIC1_CO5_16 Pin=IC1_CO5-16
Added Pin To Net: NetName=NetIC1_CO5_16 Pin=IC3_CO5-12
Added Pin To Net: NetName=NetIC1_CO5_16 Pin=R24_CO5-2
Added Net: Name=NetIC1_CO5_16
Added Pin To Net: NetName=NetIC1_CO6_10 Pin=IC1_CO6-10
Added Pin To Net: NetName=NetIC1_CO6_10 Pin=R7_CO6-2
Added Pin To Net: NetName=NetIC1_CO6_10 Pin=R8_CO6-2
Added Pin To Net: NetName=NetIC1_CO6_10 Pin=R11_CO6-2
Added Net: Name=NetIC1_CO6_10
Added Pin To Net: NetName=NetIC1_CO6_16 Pin=IC1_CO6-16
Added Pin To Net: NetName=NetIC1_CO6_16 Pin=IC3_CO6-12
Added Pin To Net: NetName=NetIC1_CO6_16 Pin=R24_CO6-2
Added Net: Name=NetIC1_CO6_16
Added Pin To Net: NetName=NetIC1_CO7_10 Pin=IC1_CO7-10
Added Pin To Net: NetName=NetIC1_CO7_10 Pin=R7_CO7-2
Added Pin To Net: NetName=NetIC1_CO7_10 Pin=R8_CO7-2
Added Pin To Net: NetName=NetIC1_CO7_10 Pin=R11_CO7-2
Added Net: Name=NetIC1_CO7_10
Added Pin To Net: NetName=NetIC1_CO7_16 Pin=IC1_CO7-16
Added Pin To Net: NetName=NetIC1_CO7_16 Pin=IC3_CO7-12
Added Pin To Net: NetName=NetIC1_CO7_16 Pin=R24_CO7-2
Added Net: Name=NetIC1_CO7_16
Added Pin To Net: NetName=NetIC1_CO8_10 Pin=IC1_CO8-10
Added Pin To Net: NetName=NetIC1_CO8_10 Pin=R7_CO8-2
Added Pin To Net: NetName=NetIC1_CO8_10 Pin=R8_CO8-2
Added Pin To Net: NetName=NetIC1_CO8_10 Pin=R11_CO8-2
Added Net: Name=NetIC1_CO8_10
Added Pin To Net: NetName=NetIC1_CO8_16 Pin=IC1_CO8-16
Added Pin To Net: NetName=NetIC1_CO8_16 Pin=IC3_CO8-12
Added Pin To Net: NetName=NetIC1_CO8_16 Pin=R24_CO8-2
Added Net: Name=NetIC1_CO8_16
